<?xml version="1.0" encoding="UTF-8"?>
<testng-results skipped="0" failed="1" ignored="0" total="10" passed="9">
  <reporter-output>
  </reporter-output>
  <suite name="Regression" duration-ms="72459" started-at="2022-09-27T22:04:59 ICT" finished-at="2022-09-27T22:06:12 ICT">
    <groups>
    </groups>
    <test name="Group 3" duration-ms="11" started-at="2022-09-27T22:04:59 ICT" finished-at="2022-09-27T22:04:59 ICT">
    </test> <!-- Group 3 -->
    <test name="Group 4" duration-ms="17856" started-at="2022-09-27T22:04:59 ICT" finished-at="2022-09-27T22:05:17 ICT">
      <class name="tests.global.footer.FooterTest">
        <test-method status="PASS" signature="initBrowserSession(java.lang.String)[pri:0, instance:tests.global.footer.FooterTest@33afa13b]" name="initBrowserSession" is-config="true" duration-ms="13" started-at="2022-09-27T22:04:59 ICT" description="Init browser session" finished-at="2022-09-27T22:04:59 ICT">
          <params>
            <param index="0">
              <value>
                <![CDATA[chrome]]>
              </value>
            </param>
          </params>
          <reporter-output>
          </reporter-output>
        </test-method> <!-- initBrowserSession -->
        <test-method status="PASS" signature="testFooterCategoryPage()[pri:0, instance:tests.global.footer.FooterTest@33afa13b]" name="testFooterCategoryPage" duration-ms="16131" started-at="2022-09-27T22:04:59 ICT" finished-at="2022-09-27T22:05:15 ICT">
          <reporter-output>
          </reporter-output>
        </test-method> <!-- testFooterCategoryPage -->
        <test-method status="PASS" signature="captureScreenshot(org.testng.ITestResult)[pri:0, instance:tests.global.footer.FooterTest@33afa13b]" name="captureScreenshot" is-config="true" duration-ms="1" started-at="2022-09-27T22:05:15 ICT" finished-at="2022-09-27T22:05:15 ICT">
          <params>
            <param index="0">
              <value>
                <![CDATA[[TestResult name=testFooterCategoryPage status=SUCCESS method=FooterTest.testFooterCategoryPage()[pri:0, instance:tests.global.footer.FooterTest@33afa13b] output={null}]]]>
              </value>
            </param>
          </params>
          <reporter-output>
          </reporter-output>
        </test-method> <!-- captureScreenshot -->
        <test-method status="PASS" signature="testFooterHomePage()[pri:0, instance:tests.global.footer.FooterTest@33afa13b]" name="testFooterHomePage" duration-ms="2" started-at="2022-09-27T22:05:15 ICT" finished-at="2022-09-27T22:05:15 ICT">
          <reporter-output>
          </reporter-output>
        </test-method> <!-- testFooterHomePage -->
        <test-method status="PASS" signature="captureScreenshot(org.testng.ITestResult)[pri:0, instance:tests.global.footer.FooterTest@33afa13b]" name="captureScreenshot" is-config="true" duration-ms="1" started-at="2022-09-27T22:05:15 ICT" finished-at="2022-09-27T22:05:15 ICT">
          <params>
            <param index="0">
              <value>
                <![CDATA[[TestResult name=testFooterHomePage status=SUCCESS method=FooterTest.testFooterHomePage()[pri:0, instance:tests.global.footer.FooterTest@33afa13b] output={null}]]]>
              </value>
            </param>
          </params>
          <reporter-output>
          </reporter-output>
        </test-method> <!-- captureScreenshot -->
        <test-method status="PASS" signature="testFooterLoginPage()[pri:0, instance:tests.global.footer.FooterTest@33afa13b]" name="testFooterLoginPage" duration-ms="2" started-at="2022-09-27T22:05:15 ICT" finished-at="2022-09-27T22:05:15 ICT">
          <reporter-output>
          </reporter-output>
        </test-method> <!-- testFooterLoginPage -->
        <test-method status="PASS" signature="captureScreenshot(org.testng.ITestResult)[pri:0, instance:tests.global.footer.FooterTest@33afa13b]" name="captureScreenshot" is-config="true" duration-ms="0" started-at="2022-09-27T22:05:15 ICT" finished-at="2022-09-27T22:05:15 ICT">
          <params>
            <param index="0">
              <value>
                <![CDATA[[TestResult name=testFooterLoginPage status=SUCCESS method=FooterTest.testFooterLoginPage()[pri:0, instance:tests.global.footer.FooterTest@33afa13b] output={null}]]]>
              </value>
            </param>
          </params>
          <reporter-output>
          </reporter-output>
        </test-method> <!-- captureScreenshot -->
        <test-method status="FAIL" signature="testFooterRegisterPage()[pri:0, instance:tests.global.footer.FooterTest@33afa13b]" name="testFooterRegisterPage" duration-ms="700" started-at="2022-09-27T22:05:15 ICT" finished-at="2022-09-27T22:05:16 ICT">
          <exception class="java.lang.AssertionError">
            <message>
              <![CDATA[Demo taking screenshot when test is failed!]]>
            </message>
            <full-stacktrace>
              <![CDATA[java.lang.AssertionError: Demo taking screenshot when test is failed!
at org.testng.Assert.fail(Assert.java:110)
at tests.global.footer.FooterTest.testFooterRegisterPage(FooterTest.java:17)
at sun.reflect.NativeMethodAccessorImpl.invoke0(Native Method)
at sun.reflect.NativeMethodAccessorImpl.invoke(Unknown Source)
at sun.reflect.DelegatingMethodAccessorImpl.invoke(Unknown Source)
at java.lang.reflect.Method.invoke(Unknown Source)
at org.testng.internal.invokers.MethodInvocationHelper.invokeMethod(MethodInvocationHelper.java:135)
at org.testng.internal.invokers.TestInvoker.invokeMethod(TestInvoker.java:673)
at org.testng.internal.invokers.TestInvoker.invokeTestMethod(TestInvoker.java:220)
at org.testng.internal.invokers.MethodRunner.runInSequence(MethodRunner.java:50)
at org.testng.internal.invokers.TestInvoker$MethodInvocationAgent.invoke(TestInvoker.java:945)
at org.testng.internal.invokers.TestInvoker.invokeTestMethods(TestInvoker.java:193)
at org.testng.internal.invokers.TestMethodWorker.invokeTestMethods(TestMethodWorker.java:146)
at org.testng.internal.invokers.TestMethodWorker.run(TestMethodWorker.java:128)
at java.util.ArrayList.forEach(Unknown Source)
at org.testng.TestRunner.privateRun(TestRunner.java:808)
at org.testng.TestRunner.run(TestRunner.java:603)
at org.testng.SuiteRunner.runTest(SuiteRunner.java:429)
at org.testng.SuiteRunner.access$000(SuiteRunner.java:32)
at org.testng.SuiteRunner$SuiteWorker.run(SuiteRunner.java:467)
at org.testng.internal.thread.ThreadUtil.lambda$execute$0(ThreadUtil.java:58)
at java.util.concurrent.FutureTask.run(Unknown Source)
at java.util.concurrent.ThreadPoolExecutor.runWorker(Unknown Source)
at java.util.concurrent.ThreadPoolExecutor$Worker.run(Unknown Source)
at java.lang.Thread.run(Unknown Source)
]]>
            </full-stacktrace>
          </exception> <!-- java.lang.AssertionError -->
          <reporter-output>
          </reporter-output>
        </test-method> <!-- testFooterRegisterPage -->
        <test-method status="PASS" signature="captureScreenshot(org.testng.ITestResult)[pri:0, instance:tests.global.footer.FooterTest@33afa13b]" name="captureScreenshot" is-config="true" duration-ms="283" started-at="2022-09-27T22:05:16 ICT" finished-at="2022-09-27T22:05:16 ICT">
          <params>
            <param index="0">
              <value>
                <![CDATA[[TestResult name=testFooterRegisterPage status=FAILURE method=FooterTest.testFooterRegisterPage()[pri:0, instance:tests.global.footer.FooterTest@33afa13b] output={null}]]]>
              </value>
            </param>
          </params>
          <reporter-output>
          </reporter-output>
        </test-method> <!-- captureScreenshot -->
        <test-method status="PASS" signature="closeBrowserSession()[pri:0, instance:tests.global.footer.FooterTest@33afa13b]" name="closeBrowserSession" is-config="true" duration-ms="683" started-at="2022-09-27T22:05:16 ICT" finished-at="2022-09-27T22:05:17 ICT">
          <reporter-output>
          </reporter-output>
        </test-method> <!-- closeBrowserSession -->
      </class> <!-- tests.global.footer.FooterTest -->
    </test> <!-- Group 4 -->
    <test name="Group 2" duration-ms="71265" started-at="2022-09-27T22:04:59 ICT" finished-at="2022-09-27T22:06:10 ICT">
      <class name="tests.computer.BuyingStandardComputerTest">
        <test-method status="PASS" signature="initBrowserSession(java.lang.String)[pri:0, instance:tests.computer.BuyingStandardComputerTest@23986957]" name="initBrowserSession" is-config="true" duration-ms="13" started-at="2022-09-27T22:04:59 ICT" description="Init browser session" finished-at="2022-09-27T22:04:59 ICT">
          <params>
            <param index="0">
              <value>
                <![CDATA[chrome]]>
              </value>
            </param>
          </params>
          <reporter-output>
          </reporter-output>
        </test-method> <!-- initBrowserSession -->
        <test-method status="PASS" signature="testStandardComputerBuying(test_data.computer.ComputerData)[pri:0, instance:tests.computer.BuyingStandardComputerTest@23986957]" name="testStandardComputerBuying" duration-ms="43647" started-at="2022-09-27T22:04:59 ICT" data-provider="computerData" finished-at="2022-09-27T22:05:43 ICT">
          <params>
            <param index="0">
              <value>
                <![CDATA[ComputerData{processorType='2.2GHz', ram='8GB', hdd='400 GB', software='Microsoft Office', os='Ubuntu'}]]>
              </value>
            </param>
          </params>
          <reporter-output>
          </reporter-output>
        </test-method> <!-- testStandardComputerBuying -->
        <test-method status="PASS" signature="captureScreenshot(org.testng.ITestResult)[pri:0, instance:tests.computer.BuyingStandardComputerTest@23986957]" name="captureScreenshot" is-config="true" duration-ms="1" started-at="2022-09-27T22:05:43 ICT" finished-at="2022-09-27T22:05:43 ICT">
          <params>
            <param index="0">
              <value>
                <![CDATA[[TestResult name=testStandardComputerBuying status=SUCCESS method=BuyingStandardComputerTest.testStandardComputerBuying(test_data.computer.ComputerData)[pri:0, instance:tests.computer.BuyingStandardComputerTest@23986957] output={null}]]]>
              </value>
            </param>
          </params>
          <reporter-output>
          </reporter-output>
        </test-method> <!-- captureScreenshot -->
        <test-method status="PASS" signature="testStandardComputerBuying(test_data.computer.ComputerData)[pri:0, instance:tests.computer.BuyingStandardComputerTest@23986957]" name="testStandardComputerBuying" duration-ms="13484" started-at="2022-09-27T22:05:43 ICT" data-provider="computerData" finished-at="2022-09-27T22:05:56 ICT">
          <params>
            <param index="0">
              <value>
                <![CDATA[ComputerData{processorType='2.5GHz', ram='4GB', hdd='320 GB', software='Acrobat Reader', os='Windows 7'}]]>
              </value>
            </param>
          </params>
          <reporter-output>
          </reporter-output>
        </test-method> <!-- testStandardComputerBuying -->
        <test-method status="PASS" signature="captureScreenshot(org.testng.ITestResult)[pri:0, instance:tests.computer.BuyingStandardComputerTest@23986957]" name="captureScreenshot" is-config="true" duration-ms="1" started-at="2022-09-27T22:05:56 ICT" finished-at="2022-09-27T22:05:56 ICT">
          <params>
            <param index="0">
              <value>
                <![CDATA[[TestResult name=testStandardComputerBuying status=SUCCESS method=BuyingStandardComputerTest.testStandardComputerBuying(test_data.computer.ComputerData)[pri:0, instance:tests.computer.BuyingStandardComputerTest@23986957] output={null}]]]>
              </value>
            </param>
          </params>
          <reporter-output>
          </reporter-output>
        </test-method> <!-- captureScreenshot -->
        <test-method status="PASS" signature="testStandardComputerBuying(test_data.computer.ComputerData)[pri:0, instance:tests.computer.BuyingStandardComputerTest@23986957]" name="testStandardComputerBuying" duration-ms="13420" started-at="2022-09-27T22:05:56 ICT" data-provider="computerData" finished-at="2022-09-27T22:06:10 ICT">
          <params>
            <param index="0">
              <value>
                <![CDATA[ComputerData{processorType='2.2GHz', ram='2GB', hdd='320 GB', software='Total Commander', os='Windows 10'}]]>
              </value>
            </param>
          </params>
          <reporter-output>
          </reporter-output>
        </test-method> <!-- testStandardComputerBuying -->
        <test-method status="PASS" signature="captureScreenshot(org.testng.ITestResult)[pri:0, instance:tests.computer.BuyingStandardComputerTest@23986957]" name="captureScreenshot" is-config="true" duration-ms="0" started-at="2022-09-27T22:06:10 ICT" finished-at="2022-09-27T22:06:10 ICT">
          <params>
            <param index="0">
              <value>
                <![CDATA[[TestResult name=testStandardComputerBuying status=SUCCESS method=BuyingStandardComputerTest.testStandardComputerBuying(test_data.computer.ComputerData)[pri:0, instance:tests.computer.BuyingStandardComputerTest@23986957] output={null}]]]>
              </value>
            </param>
          </params>
          <reporter-output>
          </reporter-output>
        </test-method> <!-- captureScreenshot -->
        <test-method status="PASS" signature="closeBrowserSession()[pri:0, instance:tests.computer.BuyingStandardComputerTest@23986957]" name="closeBrowserSession" is-config="true" duration-ms="630" started-at="2022-09-27T22:06:10 ICT" finished-at="2022-09-27T22:06:10 ICT">
          <reporter-output>
          </reporter-output>
        </test-method> <!-- closeBrowserSession -->
      </class> <!-- tests.computer.BuyingStandardComputerTest -->
    </test> <!-- Group 2 -->
    <test name="Group 1" duration-ms="72459" started-at="2022-09-27T22:04:59 ICT" finished-at="2022-09-27T22:06:12 ICT">
      <class name="tests.computer.BuyingCheapComputerTest">
        <test-method status="PASS" signature="initBrowserSession(java.lang.String)[pri:0, instance:tests.computer.BuyingCheapComputerTest@6ce139a4]" name="initBrowserSession" is-config="true" duration-ms="13" started-at="2022-09-27T22:04:59 ICT" description="Init browser session" finished-at="2022-09-27T22:04:59 ICT">
          <params>
            <param index="0">
              <value>
                <![CDATA[chrome]]>
              </value>
            </param>
          </params>
          <reporter-output>
          </reporter-output>
        </test-method> <!-- initBrowserSession -->
        <test-method status="PASS" signature="testCheapComputerBuying(test_data.computer.ComputerData)[pri:0, instance:tests.computer.BuyingCheapComputerTest@6ce139a4]" name="testCheapComputerBuying" duration-ms="42515" started-at="2022-09-27T22:04:59 ICT" data-provider="computerData" finished-at="2022-09-27T22:05:42 ICT">
          <params>
            <param index="0">
              <value>
                <![CDATA[ComputerData{processorType='Fast', ram='8 GB', hdd='320 GB', software='Image Viever', os='null'}]]>
              </value>
            </param>
          </params>
          <reporter-output>
          </reporter-output>
        </test-method> <!-- testCheapComputerBuying -->
        <test-method status="PASS" signature="captureScreenshot(org.testng.ITestResult)[pri:0, instance:tests.computer.BuyingCheapComputerTest@6ce139a4]" name="captureScreenshot" is-config="true" duration-ms="0" started-at="2022-09-27T22:05:42 ICT" finished-at="2022-09-27T22:05:42 ICT">
          <params>
            <param index="0">
              <value>
                <![CDATA[[TestResult name=testCheapComputerBuying status=SUCCESS method=BuyingCheapComputerTest.testCheapComputerBuying(test_data.computer.ComputerData)[pri:0, instance:tests.computer.BuyingCheapComputerTest@6ce139a4] output={null}]]]>
              </value>
            </param>
          </params>
          <reporter-output>
          </reporter-output>
        </test-method> <!-- captureScreenshot -->
        <test-method status="PASS" signature="testCheapComputerBuying(test_data.computer.ComputerData)[pri:0, instance:tests.computer.BuyingCheapComputerTest@6ce139a4]" name="testCheapComputerBuying" duration-ms="14367" started-at="2022-09-27T22:05:42 ICT" data-provider="computerData" finished-at="2022-09-27T22:05:56 ICT">
          <params>
            <param index="0">
              <value>
                <![CDATA[ComputerData{processorType='Fast', ram='4 GB', hdd='400 GB', software='Office Suite', os='null'}]]>
              </value>
            </param>
          </params>
          <reporter-output>
          </reporter-output>
        </test-method> <!-- testCheapComputerBuying -->
        <test-method status="PASS" signature="captureScreenshot(org.testng.ITestResult)[pri:0, instance:tests.computer.BuyingCheapComputerTest@6ce139a4]" name="captureScreenshot" is-config="true" duration-ms="1" started-at="2022-09-27T22:05:56 ICT" finished-at="2022-09-27T22:05:56 ICT">
          <params>
            <param index="0">
              <value>
                <![CDATA[[TestResult name=testCheapComputerBuying status=SUCCESS method=BuyingCheapComputerTest.testCheapComputerBuying(test_data.computer.ComputerData)[pri:0, instance:tests.computer.BuyingCheapComputerTest@6ce139a4] output={null}]]]>
              </value>
            </param>
          </params>
          <reporter-output>
          </reporter-output>
        </test-method> <!-- captureScreenshot -->
        <test-method status="PASS" signature="testCheapComputerBuying(test_data.computer.ComputerData)[pri:0, instance:tests.computer.BuyingCheapComputerTest@6ce139a4]" name="testCheapComputerBuying" duration-ms="14861" started-at="2022-09-27T22:05:56 ICT" data-provider="computerData" finished-at="2022-09-27T22:06:11 ICT">
          <params>
            <param index="0">
              <value>
                <![CDATA[ComputerData{processorType='Fast', ram='2 GB', hdd='320 GB', software='Other Office Suite', os='null'}]]>
              </value>
            </param>
          </params>
          <reporter-output>
          </reporter-output>
        </test-method> <!-- testCheapComputerBuying -->
        <test-method status="PASS" signature="captureScreenshot(org.testng.ITestResult)[pri:0, instance:tests.computer.BuyingCheapComputerTest@6ce139a4]" name="captureScreenshot" is-config="true" duration-ms="0" started-at="2022-09-27T22:06:11 ICT" finished-at="2022-09-27T22:06:11 ICT">
          <params>
            <param index="0">
              <value>
                <![CDATA[[TestResult name=testCheapComputerBuying status=SUCCESS method=BuyingCheapComputerTest.testCheapComputerBuying(test_data.computer.ComputerData)[pri:0, instance:tests.computer.BuyingCheapComputerTest@6ce139a4] output={null}]]]>
              </value>
            </param>
          </params>
          <reporter-output>
          </reporter-output>
        </test-method> <!-- captureScreenshot -->
        <test-method status="PASS" signature="closeBrowserSession()[pri:0, instance:tests.computer.BuyingCheapComputerTest@6ce139a4]" name="closeBrowserSession" is-config="true" duration-ms="629" started-at="2022-09-27T22:06:11 ICT" finished-at="2022-09-27T22:06:12 ICT">
          <reporter-output>
          </reporter-output>
        </test-method> <!-- closeBrowserSession -->
      </class> <!-- tests.computer.BuyingCheapComputerTest -->
    </test> <!-- Group 1 -->
  </suite> <!-- Regression -->
</testng-results>
